STRG.12.1	66	10	droYak2_ct_UserTrack_3545_0	CCAGGATTTGG
STRG.24.1	1316	12	droYak2_ct_UserTrack_3545_0	AGGATTTGGAT
STRG.24.1	1317	13	droYak2_ct_UserTrack_3545_0	GGATTTGGATT
STRG.24.1	1318	14	droYak2_ct_UserTrack_3545_0	GATTTGGATTT
STRG.11.1	24	20	droYak2_ct_UserTrack_3545_0	GATTTGTTGTG
STRG.20.3	5720	102	droYak2_ct_UserTrack_3545_0	GTTTGGCTGGC
STRG.20.1	15438	102	droYak2_ct_UserTrack_3545_0	GTTTGGCTGGC
STRG.20.2	16023	102	droYak2_ct_UserTrack_3545_0	GTTTGGCTGGC
STRG.20.3	5721	103	droYak2_ct_UserTrack_3545_0	TTTGGCTGGCT
STRG.20.1	15439	103	droYak2_ct_UserTrack_3545_0	TTTGGCTGGCT
STRG.20.2	16024	103	droYak2_ct_UserTrack_3545_0	TTTGGCTGGCT
STRG.57.1	719	121	droYak2_ct_UserTrack_3545_0	CCAGCTGGAGG
STRG.57.2	719	121	droYak2_ct_UserTrack_3545_0	CCAGCTGGAGG
STRG.16.1	273	125	droYak2_ct_UserTrack_3545_0	CTGGAGGGCAT
STRG.16.2	273	125	droYak2_ct_UserTrack_3545_0	CTGGAGGGCAT
STRG.2.1	552	165	droYak2_ct_UserTrack_3545_0	TTTGCGCTGCC
STRG.2.2	552	165	droYak2_ct_UserTrack_3545_0	TTTGCGCTGCC
STRG.5.1	2100	166	droYak2_ct_UserTrack_3545_0	TTGCGCTGCCT
STRG.47.2	1294	190	droYak2_ct_UserTrack_3545_0	ATAAATATTTC
STRG.35.1	1507	207	droYak2_ct_UserTrack_3545_0	TAGAAAATGTT
STRG.33.1	79	249	droYak2_ct_UserTrack_3545_0	TTTTTTTGTTT
STRG.33.2	79	249	droYak2_ct_UserTrack_3545_0	TTTTTTTGTTT
STRG.33.1	80	250	droYak2_ct_UserTrack_3545_0	TTTTTTGTTTT
STRG.33.2	80	250	droYak2_ct_UserTrack_3545_0	TTTTTTGTTTT
STRG.33.1	81	251	droYak2_ct_UserTrack_3545_0	TTTTTGTTTTG
STRG.33.2	81	251	droYak2_ct_UserTrack_3545_0	TTTTTGTTTTG
STRG.2.1	325	252	droYak2_ct_UserTrack_3545_0	TTTTGTTTTGC
STRG.2.2	325	252	droYak2_ct_UserTrack_3545_0	TTTTGTTTTGC
STRG.4.1	2100	252	droYak2_ct_UserTrack_3545_0	TTTTGTTTTGC
STRG.8.1	18	252	droYak2_ct_UserTrack_3545_0	TTTTGTTTTGC
STRG.8.1	19	253	droYak2_ct_UserTrack_3545_0	TTTGTTTTGCT
STRG.8.1	20	254	droYak2_ct_UserTrack_3545_0	TTGTTTTGCTT
STRG.8.1	21	255	droYak2_ct_UserTrack_3545_0	TGTTTTGCTTA
STRG.8.1	22	256	droYak2_ct_UserTrack_3545_0	GTTTTGCTTAC
STRG.21.2	198	299	droYak2_ct_UserTrack_3545_0	ATCCGGGCAAA
STRG.21.1	198	299	droYak2_ct_UserTrack_3545_0	ATCCGGGCAAA
STRG.18.2	10545	305	droYak2_ct_UserTrack_3545_0	GCAAAGTTTAA
STRG.18.1	10599	305	droYak2_ct_UserTrack_3545_0	GCAAAGTTTAA
STRG.20.3	795	314	droYak2_ct_UserTrack_3545_0	AATCGAAAAGG
STRG.20.1	10513	314	droYak2_ct_UserTrack_3545_0	AATCGAAAAGG
STRG.20.2	11098	314	droYak2_ct_UserTrack_3545_0	AATCGAAAAGG
STRG.20.3	796	315	droYak2_ct_UserTrack_3545_0	ATCGAAAAGGA
STRG.20.1	10514	315	droYak2_ct_UserTrack_3545_0	ATCGAAAAGGA
STRG.20.2	11099	315	droYak2_ct_UserTrack_3545_0	ATCGAAAAGGA
STRG.58.1	868	318	droYak2_ct_UserTrack_3545_0	GAAAAGGAGAA
STRG.58.1	869	319	droYak2_ct_UserTrack_3545_0	AAAAGGAGAAG
STRG.58.1	870	320	droYak2_ct_UserTrack_3545_0	AAAGGAGAAGA
STRG.35.1	1206	321	droYak2_ct_UserTrack_3545_0	AAGGAGAAGAA
STRG.2.1	3226	322	droYak2_ct_UserTrack_3545_0	AGGAGAAGAAA
STRG.2.2	3226	322	droYak2_ct_UserTrack_3545_0	AGGAGAAGAAA
STRG.24.1	1436	329	droYak2_ct_UserTrack_3545_0	GAAAGATCATG
STRG.20.3	7678	349	droYak2_ct_UserTrack_3545_0	GCTAATGGCGC
STRG.20.1	17396	349	droYak2_ct_UserTrack_3545_0	GCTAATGGCGC
STRG.20.2	17981	349	droYak2_ct_UserTrack_3545_0	GCTAATGGCGC
STRG.20.1	4193	388	droYak2_ct_UserTrack_3545_0	GCCCAGGTGGG
STRG.20.2	4193	388	droYak2_ct_UserTrack_3545_0	GCCCAGGTGGG
STRG.20.1	10021	390	droYak2_ct_UserTrack_3545_0	CCAGGTGGGCA
STRG.20.2	10606	390	droYak2_ct_UserTrack_3545_0	CCAGGTGGGCA
STRG.20.1	10022	391	droYak2_ct_UserTrack_3545_0	CAGGTGGGCAT
STRG.20.2	10607	391	droYak2_ct_UserTrack_3545_0	CAGGTGGGCAT
STRG.59.2	748	398	droYak2_ct_UserTrack_3545_0	GCATTTATCAT
STRG.18.2	4090	403	droYak2_ct_UserTrack_3545_0	TATCATCATCA
STRG.18.1	4144	403	droYak2_ct_UserTrack_3545_0	TATCATCATCA
STRG.18.2	15275	409	droYak2_ct_UserTrack_3545_0	CATCAGCAGCC
STRG.18.1	15329	409	droYak2_ct_UserTrack_3545_0	CATCAGCAGCC
STRG.20.3	5399	459	droYak2_ct_UserTrack_3545_0	CCGCAAATGAA
STRG.20.1	15117	459	droYak2_ct_UserTrack_3545_0	CCGCAAATGAA
STRG.20.2	15702	459	droYak2_ct_UserTrack_3545_0	CCGCAAATGAA
STRG.41.2	2466	547	droYak2_ct_UserTrack_3545_0	ATTATTCAAAT
STRG.41.3	2405	547	droYak2_ct_UserTrack_3545_0	ATTATTCAAAT
STRG.20.1	123	581	droYak2_ct_UserTrack_3545_0	AAACACGAAAC
STRG.20.2	123	581	droYak2_ct_UserTrack_3545_0	AAACACGAAAC
STRG.31.1	1196	597	droYak2_ct_UserTrack_3545_0	CCGCATCCGCA
STRG.31.2	1196	597	droYak2_ct_UserTrack_3545_0	CCGCATCCGCA
STRG.3.3	64	607	droYak2_ct_UserTrack_3545_0	AAAATCCTTTG
STRG.3.3	65	608	droYak2_ct_UserTrack_3545_0	AAATCCTTTGA
STRG.3.3	66	609	droYak2_ct_UserTrack_3545_0	AATCCTTTGAG
STRG.3.3	67	610	droYak2_ct_UserTrack_3545_0	ATCCTTTGAGC
STRG.18.2	11653	641	droYak2_ct_UserTrack_3545_0	AAAATGACACC
STRG.18.1	11707	641	droYak2_ct_UserTrack_3545_0	AAAATGACACC
STRG.23.3	517	647	droYak2_ct_UserTrack_3545_0	ACACCAGCGGC
STRG.23.1	290	647	droYak2_ct_UserTrack_3545_0	ACACCAGCGGC
STRG.23.2	290	647	droYak2_ct_UserTrack_3545_0	ACACCAGCGGC
STRG.23.3	518	648	droYak2_ct_UserTrack_3545_0	CACCAGCGGCT
STRG.23.1	291	648	droYak2_ct_UserTrack_3545_0	CACCAGCGGCT
STRG.23.2	291	648	droYak2_ct_UserTrack_3545_0	CACCAGCGGCT
STRG.58.1	488	682	droYak2_ct_UserTrack_3545_0	CAGCCATTAAA
STRG.4.1	2523	687	droYak2_ct_UserTrack_3545_0	ATTAAAACTAC
STRG.48.1	3475	688	droYak2_ct_UserTrack_3545_0	TTAAAACTACG
STRG.13.1	2740	764	droYak2_ct_UserTrack_3545_0	AAGGAATTTGC
STRG.13.1	2741	765	droYak2_ct_UserTrack_3545_0	AGGAATTTGCT
STRG.14.1	767	768	droYak2_ct_UserTrack_3545_0	AATTTGCTGTC
STRG.5.1	185	780	droYak2_ct_UserTrack_3545_0	TCTGGTTGCCA
STRG.5.1	186	781	droYak2_ct_UserTrack_3545_0	CTGGTTGCCAT
STRG.26.1	1867	802	droYak2_ct_UserTrack_3545_0	CACCTCATCGC
STRG.26.2	2889	802	droYak2_ct_UserTrack_3545_0	CACCTCATCGC
STRG.26.1	1868	803	droYak2_ct_UserTrack_3545_0	ACCTCATCGCC
STRG.26.2	2890	803	droYak2_ct_UserTrack_3545_0	ACCTCATCGCC
STRG.44.1	2808	828	droYak2_ct_UserTrack_3545_0	CTAGGAGCAGC
STRG.44.2	2808	828	droYak2_ct_UserTrack_3545_0	CTAGGAGCAGC
STRG.57.1	752	830	droYak2_ct_UserTrack_3545_0	AGGAGCAGCCA
STRG.57.2	752	830	droYak2_ct_UserTrack_3545_0	AGGAGCAGCCA
STRG.57.1	753	831	droYak2_ct_UserTrack_3545_0	GGAGCAGCCAG
STRG.57.2	753	831	droYak2_ct_UserTrack_3545_0	GGAGCAGCCAG
STRG.18.2	7674	836	droYak2_ct_UserTrack_3545_0	AGCCAGGAGCT
STRG.18.1	7728	836	droYak2_ct_UserTrack_3545_0	AGCCAGGAGCT
STRG.18.2	4719	858	droYak2_ct_UserTrack_3545_0	TGAAAGACTGC
STRG.18.1	4773	858	droYak2_ct_UserTrack_3545_0	TGAAAGACTGC
STRG.18.2	4720	859	droYak2_ct_UserTrack_3545_0	GAAAGACTGCG
STRG.18.1	4774	859	droYak2_ct_UserTrack_3545_0	GAAAGACTGCG
STRG.9.1	1474	874	droYak2_ct_UserTrack_3545_0	ATTGAACTGAA
STRG.9.2	1474	874	droYak2_ct_UserTrack_3545_0	ATTGAACTGAA
STRG.9.3	1694	874	droYak2_ct_UserTrack_3545_0	ATTGAACTGAA
STRG.56.1	1470	935	droYak2_ct_UserTrack_3545_0	GCTCTTAAACT
STRG.56.3	2668	935	droYak2_ct_UserTrack_3545_0	GCTCTTAAACT
STRG.7.6	136	947	droYak2_ct_UserTrack_3545_0	GCATTTTAAAC
STRG.18.2	166	980	droYak2_ct_UserTrack_3545_0	TAAATATAGCA
STRG.18.1	166	980	droYak2_ct_UserTrack_3545_0	TAAATATAGCA
STRG.2.1	736	981	droYak2_ct_UserTrack_3545_0	AAATATAGCAA
STRG.2.2	736	981	droYak2_ct_UserTrack_3545_0	AAATATAGCAA
